2025-04-30T15:51:34.648+09:00  INFO 18292 --- [MySpringBootApp] [restartedMain] c.b.m.MySpringBootAppApplication         : Starting MySpringBootAppApplication using Java 17.0.2 with PID 18292 (C:\mybackend\MySpringBootApp\target\classes started by user in C:\mybackend\MySpringBootApp)
2025-04-30T15:51:34.654+09:00  INFO 18292 --- [MySpringBootApp] [restartedMain] c.b.m.MySpringBootAppApplication         : The following 1 profile is active: "test"
2025-04-30T15:51:34.782+09:00  INFO 18292 --- [MySpringBootApp] [restartedMain] .e.DevToolsPropertyDefaultsPostProcessor : Devtools property defaults active! Set 'spring.devtools.add-properties' to 'false' to disable
2025-04-30T15:51:34.782+09:00  INFO 18292 --- [MySpringBootApp] [restartedMain] .e.DevToolsPropertyDefaultsPostProcessor : For additional web related logging consider setting the 'logging.level.web' property to 'DEBUG'
2025-04-30T15:51:37.677+09:00  INFO 18292 --- [MySpringBootApp] [restartedMain] .s.d.r.c.RepositoryConfigurationDelegate : Bootstrapping Spring Data JPA repositories in DEFAULT mode.
2025-04-30T15:51:37.710+09:00  INFO 18292 --- [MySpringBootApp] [restartedMain] .s.d.r.c.RepositoryConfigurationDelegate : Finished Spring Data repository scanning in 18 ms. Found 0 JPA repository interfaces.
2025-04-30T15:51:39.865+09:00  INFO 18292 --- [MySpringBootApp] [restartedMain] o.s.b.w.embedded.tomcat.TomcatWebServer  : Tomcat initialized with port 8080 (http)
2025-04-30T15:51:39.940+09:00  INFO 18292 --- [MySpringBootApp] [restartedMain] o.apache.catalina.core.StandardService   : Starting service [Tomcat]
2025-04-30T15:51:39.942+09:00  INFO 18292 --- [MySpringBootApp] [restartedMain] o.apache.catalina.core.StandardEngine    : Starting Servlet engine: [Apache Tomcat/10.1.40]
2025-04-30T15:51:40.029+09:00  INFO 18292 --- [MySpringBootApp] [restartedMain] o.a.c.c.C.[Tomcat].[localhost].[/]       : Initializing Spring embedded WebApplicationContext
2025-04-30T15:51:40.031+09:00  INFO 18292 --- [MySpringBootApp] [restartedMain] w.s.c.ServletWebServerApplicationContext : Root WebApplicationContext: initialization completed in 5234 ms
2025-04-30T15:51:41.310+09:00  INFO 18292 --- [MySpringBootApp] [restartedMain] com.zaxxer.hikari.HikariDataSource       : HikariPool-1 - Starting...
2025-04-30T15:51:41.715+09:00  INFO 18292 --- [MySpringBootApp] [restartedMain] com.zaxxer.hikari.pool.HikariPool        : HikariPool-1 - Added connection conn0: url=jdbc:h2:mem:df0be4f1-1d9c-49af-90ed-0accd15eacd3 user=SA
2025-04-30T15:51:41.721+09:00  INFO 18292 --- [MySpringBootApp] [restartedMain] com.zaxxer.hikari.HikariDataSource       : HikariPool-1 - Start completed.
2025-04-30T15:51:42.240+09:00  INFO 18292 --- [MySpringBootApp] [restartedMain] o.hibernate.jpa.internal.util.LogHelper  : HHH000204: Processing PersistenceUnitInfo [name: default]
2025-04-30T15:51:42.438+09:00  INFO 18292 --- [MySpringBootApp] [restartedMain] org.hibernate.Version                    : HHH000412: Hibernate ORM core version 6.6.13.Final
2025-04-30T15:51:42.511+09:00  INFO 18292 --- [MySpringBootApp] [restartedMain] o.h.c.internal.RegionFactoryInitiator    : HHH000026: Second-level cache disabled
2025-04-30T15:51:42.816+09:00  INFO 18292 --- [MySpringBootApp] [restartedMain] o.s.o.j.p.SpringPersistenceUnitInfo      : No LoadTimeWeaver setup: ignoring JPA class transformer
2025-04-30T15:51:42.949+09:00  INFO 18292 --- [MySpringBootApp] [restartedMain] org.hibernate.orm.connections.pooling    : HHH10001005: Database info:
	Database JDBC URL [Connecting through datasource 'HikariDataSource (HikariPool-1)']
	Database driver: undefined/unknown
	Database version: 2.3.232
	Autocommit mode: undefined/unknown
	Isolation level: undefined/unknown
	Minimum pool size: undefined/unknown
	Maximum pool size: undefined/unknown
2025-04-30T15:51:43.313+09:00  INFO 18292 --- [MySpringBootApp] [restartedMain] o.h.e.t.j.p.i.JtaPlatformInitiator       : HHH000489: No JTA platform available (set 'hibernate.transaction.jta.platform' to enable JTA platform integration)
2025-04-30T15:51:43.319+09:00  INFO 18292 --- [MySpringBootApp] [restartedMain] j.LocalContainerEntityManagerFactoryBean : Initialized JPA EntityManagerFactory for persistence unit 'default'
2025-04-30T15:51:43.774+09:00  WARN 18292 --- [MySpringBootApp] [restartedMain] JpaBaseConfiguration$JpaWebConfiguration : spring.jpa.open-in-view is enabled by default. Therefore, database queries may be performed during view rendering. Explicitly configure spring.jpa.open-in-view to disable this warning
2025-04-30T15:51:45.315+09:00  WARN 18292 --- [MySpringBootApp] [restartedMain] ion$DefaultTemplateResolverConfiguration : Cannot find template location: classpath:/templates/ (please add some templates, check your Thymeleaf configuration, or set spring.thymeleaf.check-template-location=false)
2025-04-30T15:51:46.909+09:00  INFO 18292 --- [MySpringBootApp] [restartedMain] o.s.b.a.h2.H2ConsoleAutoConfiguration    : H2 console available at '/h2-console'. Database available at 'jdbc:h2:mem:df0be4f1-1d9c-49af-90ed-0accd15eacd3'
2025-04-30T15:51:47.064+09:00  INFO 18292 --- [MySpringBootApp] [restartedMain] o.s.b.d.a.OptionalLiveReloadServer       : LiveReload server is running on port 35729
2025-04-30T15:51:47.090+09:00  INFO 18292 --- [MySpringBootApp] [restartedMain] o.s.b.a.e.web.EndpointLinksResolver      : Exposing 1 endpoint beneath base path '/actuator'
2025-04-30T15:51:47.441+09:00  INFO 18292 --- [MySpringBootApp] [restartedMain] o.s.b.w.embedded.tomcat.TomcatWebServer  : Tomcat started on port 8080 (http) with context path '/'
2025-04-30T15:51:47.475+09:00  INFO 18292 --- [MySpringBootApp] [restartedMain] c.b.m.MySpringBootAppApplication         : Started MySpringBootAppApplication in 13.887 seconds (process running for 14.621)
